<?xml version="1.0" encoding="utf-8"?><testsuites name="pytest tests"><testsuite name="pytest" errors="0" failures="0" skipped="0" tests="21" time="10.178" timestamp="2026-05-18T10:21:26.456725+00:00" hostname="agent-env-8225b3bf-1ed6-4b30-9a96-0c94a35de2e9"><testcase classname="tests.backend_test" name="test_health" time="0.312" /><testcase classname="tests.backend_test" name="test_auth_me_unauthenticated" time="0.047" /><testcase classname="tests.backend_test" name="test_auth_me_with_token" time="0.198" /><testcase classname="tests.backend_test" name="test_auth_logout_then_invalid" time="0.187" /><testcase classname="tests.backend_test" name="test_profile_update" time="0.122" /><testcase classname="tests.backend_test" name="test_public_room_no_passcode_leak" time="0.170" /><testcase classname="tests.backend_test" name="test_list_rooms_filters_public" time="0.055" /><testcase classname="tests.backend_test" name="test_list_rooms_filter_q_and_category" time="0.106" /><testcase classname="tests.backend_test" name="test_private_room_other_user_requires_passcode" time="0.108" /><testcase classname="tests.backend_test" name="test_join_private_wrong_passcode" time="0.047" /><testcase classname="tests.backend_test" name="test_join_private_correct_passcode" time="0.047" /><testcase classname="tests.backend_test" name="test_join_public_idempotent" time="0.102" /><testcase classname="tests.backend_test" name="test_set_status" time="0.050" /><testcase classname="tests.backend_test" name="test_leave_room" time="0.145" /><testcase classname="tests.backend_test" name="test_pomodoro_non_host_forbidden" time="0.048" /><testcase classname="tests.backend_test" name="test_pomodoro_lifecycle" time="1.213" /><testcase classname="tests.backend_test" name="test_chat_post_and_list" time="0.373" /><testcase classname="tests.backend_test" name="test_tasks_crud" time="0.269" /><testcase classname="tests.backend_test" name="test_session_log_and_dashboard" time="0.119" /><testcase classname="tests.backend_test" name="test_leaderboard" time="0.048" /><testcase classname="tests.backend_test" name="test_ai_recommend" time="6.161" /></testsuite></testsuites>